mode: atomic
github.com/elos/server/conn/null_connection.go:29.54,31.2 1 18
github.com/elos/server/conn/null_connection.go:40.50,49.2 7 25
github.com/elos/server/conn/null_connection.go:51.57,55.20 3 9
github.com/elos/server/conn/null_connection.go:59.2,59.14 1 6
github.com/elos/server/conn/null_connection.go:63.2,66.12 3 4
github.com/elos/server/conn/null_connection.go:55.20,57.3 1 3
github.com/elos/server/conn/null_connection.go:59.14,61.3 1 2
github.com/elos/server/conn/null_connection.go:69.56,73.20 3 7
github.com/elos/server/conn/null_connection.go:77.2,77.14 1 6
github.com/elos/server/conn/null_connection.go:81.2,82.12 2 4
github.com/elos/server/conn/null_connection.go:73.20,75.3 1 1
github.com/elos/server/conn/null_connection.go:77.14,79.3 1 2
github.com/elos/server/conn/null_connection.go:85.40,89.20 3 5
github.com/elos/server/conn/null_connection.go:93.2,94.12 2 5
github.com/elos/server/conn/null_connection.go:89.20,91.3 1 0
github.com/elos/server/conn/null_connection.go:97.45,102.2 3 1
github.com/elos/server/conn/null_connection.go:104.44,109.2 3 3
github.com/elos/server/conn/web_socket.go:29.50,31.2 1 5
github.com/elos/server/conn/web_socket.go:33.106,37.20 3 3
github.com/elos/server/conn/web_socket.go:40.2,41.26 2 2
github.com/elos/server/conn/web_socket.go:37.20,39.3 1 1
github.com/elos/server/conn/web_socket.go:44.46,51.2 5 6
github.com/elos/server/conn/web_socket.go:53.42,58.2 3 3
github.com/elos/server/conn/web_socket.go:68.109,70.16 2 1
github.com/elos/server/conn/web_socket.go:74.2,74.41 1 0
github.com/elos/server/conn/web_socket.go:70.16,72.3 1 1
github.com/elos/server/conn/web_socket.go:77.73,81.43 1 3
github.com/elos/server/conn/web_socket.go:85.2,87.3 1 3
github.com/elos/server/conn/web_socket.go:81.43,83.4 1 0
github.com/elos/server/conn/web_socket.go:92.57,96.2 3 3
github.com/elos/server/conn/gorilla_connection.go:12.70,17.2 1 1
github.com/elos/server/conn/gorilla_connection.go:19.60,21.2 1 3
github.com/elos/server/conn/gorilla_connection.go:23.59,25.2 1 1
github.com/elos/server/conn/gorilla_connection.go:27.43,29.2 1 1
github.com/elos/server/conn/gorilla_connection.go:31.48,33.2 1 1
